[debug] [2024-09-25T19:56:05.503Z] ----------------------------------------------------------------------
[debug] [2024-09-25T19:56:05.504Z] Command:       /usr/local/bin/node /usr/local/bin/firebase init hosting
[debug] [2024-09-25T19:56:05.505Z] CLI Version:   13.19.0
[debug] [2024-09-25T19:56:05.505Z] Platform:      linux
[debug] [2024-09-25T19:56:05.505Z] Node Version:  v22.9.0
[debug] [2024-09-25T19:56:05.505Z] Time:          Wed Sep 25 2024 19:56:05 GMT+0000 (Coordinated Universal Time)
[debug] [2024-09-25T19:56:05.505Z] ----------------------------------------------------------------------
[debug] 
[debug] [2024-09-25T19:56:05.578Z] > command requires scopes: ["email","openid","https://www.googleapis.com/auth/cloudplatformprojects.readonly","https://www.googleapis.com/auth/firebase","https://www.googleapis.com/auth/cloud-platform"]
[debug] [2024-09-25T19:56:05.579Z] > authorizing via signed-in user (tibuqxpois@gmail.com)
[info] 
     ######## #### ########  ######## ########     ###     ######  ########
     ##        ##  ##     ## ##       ##     ##  ##   ##  ##       ##
     ######    ##  ########  ######   ########  #########  ######  ######
     ##        ##  ##    ##  ##       ##     ## ##     ##       ## ##
     ##       #### ##     ## ######## ########  ##     ##  ######  ########

You're about to initialize a Firebase project in this directory:

  /home/node/app

Before we get started, keep in mind:

  * You are currently outside your home directory
  * You are initializing within an existing Firebase project directory

[info] 
=== Project Setup
[info] 
[info] First, let's associate this project directory with a Firebase project.
[info] You can create multiple project aliases by running firebase use --add, 
[info] but for now we'll just set up a default project.
[info] 
[debug] [2024-09-25T19:56:05.592Z] Using project from CLI flag: insta-share-1c720
[debug] [2024-09-25T19:56:05.594Z] >>> [apiv2][query] GET https://firebase.googleapis.com/v1beta1/projects/insta-share-1c720 [none]
[debug] [2024-09-25T19:56:05.902Z] <<< [apiv2][status] GET https://firebase.googleapis.com/v1beta1/projects/insta-share-1c720 200
[debug] [2024-09-25T19:56:05.903Z] <<< [apiv2][body] GET https://firebase.googleapis.com/v1beta1/projects/insta-share-1c720 {"projectId":"insta-share-1c720","projectNumber":"711427694553","displayName":"insta-share","name":"projects/insta-share-1c720","resources":{"hostingSite":"insta-share-1c720"},"state":"ACTIVE","etag":"1_74a31605-7907-4304-a5b5-bdfffd06cca8"}
[info] i  Using project insta-share-1c720 (insta-share) 
[info] 
=== Hosting Setup
[debug] [2024-09-25T19:56:05.909Z] >>> [apiv2][query] GET https://firebase.googleapis.com/v1beta1/projects/insta-share-1c720 [none]
[debug] [2024-09-25T19:56:06.092Z] <<< [apiv2][status] GET https://firebase.googleapis.com/v1beta1/projects/insta-share-1c720 200
[debug] [2024-09-25T19:56:06.092Z] <<< [apiv2][body] GET https://firebase.googleapis.com/v1beta1/projects/insta-share-1c720 {"projectId":"insta-share-1c720","projectNumber":"711427694553","displayName":"insta-share","name":"projects/insta-share-1c720","resources":{"hostingSite":"insta-share-1c720"},"state":"ACTIVE","etag":"1_74a31605-7907-4304-a5b5-bdfffd06cca8"}
[info] 
[info] Your public directory is the folder (relative to your project directory) that
[info] will contain Hosting assets to be uploaded with firebase deploy. If you
[info] have a build process for your assets, use your build's output directory.
[info] 
